511307654285
511305654274
511306654275
511303654272
511304654273
511300654278
511301654279
511307654276
511308654277
511302654298
511303654299
511300654296
511301654297
511306654302
511307654303
511304654300
511305654301
511303654290
511304654291
511301654288
511302654289
511307654294
511308654295
511305654292
511306654293
511300654314
511301654315
511307654312
511308654313
511304654318
511305654319
511302654316
511303654317
511301654306
511302654307
511308654304
511300654305
511305654310
511306654311
511303654308
511304654309
511307654330
511308654331
511305654328
511306654329
511302654334
511303654335
511300654332
511301654333
511308654322
511300654323
511306654320
511307654321
511303654326
511304654327
511301654324
511302654325
511303654218
511304654219
511301654216
511302654217
511307654222
511308654223
511305654220
511306654221
511304654210
511305654211
511302654208
511303654209
511308654214
511300654215
511306654212
511307654213
511301654234
511302654235
511308654232
511300654233
511305654238
511306654239
511303654236
511304654237
511302654226
511303654227
511300654224
511301654225
511306654230
511307654231
511304654228
511305654229
511308654250
511300654251
511306654248
511307654249
511303654254
511304654255
511301654252
511302654253
511300654242
511301654243
511307654240
511308654241
511304654246
511305654247
511302654244
511303654245
511306654266
511307654267
511304654264
511305654265
511301654270
