511307674274
511308674275
511305674272
511306674273
511302674278
511303674279
511300674276
511301674277
511304674298
511305674299
511302674296
511303674297
511308674302
511300674303
511306674300
511307674301
511305674290
511306674291
511303674288
511304674289
511300674294
511301674295
511307674292
511308674293
511300674186
511301674187
511307674184
511308674185
511304674190
511305674191
511302674188
511303674189
511301674178
511302674179
511308674176
511300674177
511305674182
511306674183
511303674180
511304674181
511307674202
511308674203
511305674200
511306674201
511302674206
511303674207
511300674204
511301674205
511308674194
511300674195
511306674192
511307674193
511303674198
511304674199
511301674196
511302674197
511305674218
511306674219
511303674216
511304674217
511300674222
511301674223
511307674220
511308674221
511306674210
511307674211
511304674208
511305674209
511301674214
511302674215
511308674212
511300674213
511303674234
511304674235
511301674232
511302674233
511307674238
511308674239
511305674236
511306674237
511304674226
511305674227
511302674224
511303674225
511308674230
511300674231
511306674228
511307674229
511308674122
511300674123
511306674120
511307674121
511303674126
511304674127
511301674124
511302674125
511300674114
511301674115
511307674112
511308674113